/home/jcram/Projects/Hatchery2021_ProcAmplicons
here() starts at /home/jcram/Projects/Hatchery2021_ProcAmplicons
[1] "Running 00_Rename_Inator.R"
[1] "Running LastMinuteWrangle.R"
[1] "Running LibrarySet01.R"
* The project is already synchronized with the lockfile.

Attaching package: ‘dplyr’

The following objects are masked from ‘package:stats’:

    filter, lag

The following objects are masked from ‘package:base’:

    intersect, setdiff, setequal, union

Loading required package: Rcpp
[1] "Setting global inter-script parameters"
Rows: 156 Columns: 15
── Column specification ────────────────────────────────────────────────────────
Delimiter: ","
chr (13): File, Sample0, Sample, Date, Group, Initials, Tank, Brood#, Tube#,...
dbl  (2): ReadDir, Run

ℹ Use `spec()` to retrieve the full column specification for this data.
ℹ Specify the column types or set `show_col_types = FALSE` to quiet this message.

CommandNotFoundError: Your shell has not been properly configured to use 'conda activate'.
To initialize your shell, run

    $ conda init <SHELL_NAME>

Currently supported shells are:
  - bash
  - fish
  - tcsh
  - xonsh
  - zsh
  - powershell

See 'conda init --help' for more information and options.

IMPORTANT: You may need to close and restart your shell after running 'conda init'.


On sample: C_5P1B_0P2
On sample: C4
On sample: H12
On sample: XD

CommandNotFoundError: Your shell has not been properly configured to use 'conda deactivate'.
To initialize your shell, run

    $ conda init <SHELL_NAME>

Currently supported shells are:
  - bash
  - fish
  - tcsh
  - xonsh
  - zsh
  - powershell

See 'conda init --help' for more information and options.

IMPORTANT: You may need to close and restart your shell after running 'conda init'.


[1] "Running PlotQuality.R"
[1] "Running LastMinuteWrangle.R"
[1] "Running LibrarySet01.R"
* The project is already synchronized with the lockfile.
[1] "Setting global inter-script parameters"
Rows: 156 Columns: 15
── Column specification ────────────────────────────────────────────────────────
Delimiter: ","
chr (13): File, Sample0, Sample, Date, Group, Initials, Tank, Brood#, Tube#,...
dbl  (2): ReadDir, Run

ℹ Use `spec()` to retrieve the full column specification for this data.
ℹ Specify the column types or set `show_col_types = FALSE` to quiet this message.
Error: Input/Output
  no input files found
  dirPath: /home/jcram/Projects/Hatchery2021_ProcAmplicons/Trimmed/C_5P1B_0P2_R1_trim.fastq.gz
  pattern: character(0)
Execution halted
